<?xml version="1.0" encoding="UTF-8"?>
<testng-results ignored="0" total="1" passed="1" failed="0" skipped="0">
  <reporter-output>
  </reporter-output>
  <suite started-at="2024-10-16T15:11:04 IST" name="Surefire suite" finished-at="2024-10-16T15:11:04 IST" duration-ms="17">
    <groups>
    </groups>
    <test started-at="2024-10-16T15:11:04 IST" name="Surefire test" finished-at="2024-10-16T15:11:04 IST" duration-ms="17">
      <class name="com.example.GoogleSearchTest">
        <test-method signature="testApp()[pri:0, instance:testApp(com.example.GoogleSearchTest)]" started-at="2024-10-16T15:11:04 IST" name="testApp" finished-at="2024-10-16T15:11:04 IST" duration-ms="0" status="PASS">
          <reporter-output>
          </reporter-output>
        </test-method> <!-- testApp -->
      </class> <!-- com.example.GoogleSearchTest -->
    </test> <!-- Surefire test -->
  </suite> <!-- Surefire suite -->
</testng-results>
